::1 - - [06/Dec/2018:11:56:17 +0000] "GET /phpmyadmin HTTP/1.1" 301 241
::1 - - [06/Dec/2018:11:56:17 +0000] "GET /phpmyadmin/ HTTP/1.1" 200 8469
::1 - - [06/Dec/2018:11:56:19 +0000] "GET /phpmyadmin/themes/pmahomme/jquery/jquery-ui-1.9.2.custom.css HTTP/1.1" 200 32278
::1 - - [06/Dec/2018:11:56:19 +0000] "GET /phpmyadmin/phpmyadmin.css.php?server=1&lang=en&collation_connection=utf8_general_ci&token=4bd19d86c5815ae5961b4cd4a364cf16&nocache=4631509783ltr HTTP/1.1" 200 88608
::1 - - [06/Dec/2018:11:56:19 +0000] "GET /phpmyadmin/js/get_image.js.php?theme=pmahomme HTTP/1.1" 200 6263
::1 - - [06/Dec/2018:11:56:19 +0000] "GET /phpmyadmin/js/messages.php?lang=en&db=&server=0&collation_connection=utf8_general_ci&token=37bb6457e25056942e32aa5db8113847 HTTP/1.1" 200 16674
::1 - - [06/Dec/2018:11:56:19 +0000] "GET /phpmyadmin/js/get_scripts.js.php?scripts[]=jquery/jquery-1.8.3.js&scripts[]=ajax.js&scripts[]=keyhandler.js&scripts[]=jquery/jquery-ui-1.9.2.custom.js&scripts[]=jquery/jquery.sprintf.js&scripts[]=jquery/jquery.cookie.js&scripts[]=jquery/jquery.mousewheel.js&scripts[]=jquery/jquery.event.drag-2.2.js&scripts[]=jquery/jquery-ui-timepicker-addon.js&scripts[]=jquery/jquery.ba-hashchange-1.3.js&scripts[]=jquery/jquery.debounce-1.0.5.js&scripts[]=jquery/jquery.menuResizer-1.0.js&scripts[]=rte.js&scripts[]=functions.js&scripts[]=navigation.js&scripts[]=indexes.js&scripts[]=common.js&scripts[]=codemirror/lib/codemirror.js&scripts[]=codemirror/mode/mysql/mysql.js HTTP/1.1" 200 578562
::1 - - [06/Dec/2018:11:56:20 +0000] "GET /phpmyadmin/themes/dot.gif HTTP/1.1" 200 43
::1 - - [06/Dec/2018:11:56:20 +0000] "GET /phpmyadmin/themes/pmahomme/img/logo_right.png HTTP/1.1" 200 4548
::1 - - [06/Dec/2018:11:56:20 +0000] "GET /phpmyadmin/favicon.ico HTTP/1.1" 200 18902
::1 - - [06/Dec/2018:11:56:20 +0000] "GET /phpmyadmin/themes/pmahomme/img/sprites.png HTTP/1.1" 200 61899
::1 - - [06/Dec/2018:11:56:35 +0000] "POST /phpmyadmin/index.php HTTP/1.1" 302 -
::1 - - [06/Dec/2018:11:56:35 +0000] "GET /phpmyadmin/index.php?token=4bd19d86c5815ae5961b4cd4a364cf16 HTTP/1.1" 200 43690
::1 - - [06/Dec/2018:11:56:36 +0000] "GET /phpmyadmin/phpmyadmin.css.php?server=1&token=4bd19d86c5815ae5961b4cd4a364cf16&nocache=6175607178ltr HTTP/1.1" 200 88608
::1 - - [06/Dec/2018:11:56:36 +0000] "GET /phpmyadmin/js/messages.php?lang=en&db=&server=0&token=4bd19d86c5815ae5961b4cd4a364cf16 HTTP/1.1" 200 16674
::1 - - [06/Dec/2018:11:56:36 +0000] "GET /phpmyadmin/themes/pmahomme/img/ajax_clock_small.gif HTTP/1.1" 200 1810
::1 - - [06/Dec/2018:11:56:36 +0000] "GET /phpmyadmin/themes/pmahomme/img/logo_left.png HTTP/1.1" 200 2327
::1 - - [06/Dec/2018:11:56:36 +0000] "GET /phpmyadmin/themes/pmahomme/img/left_nav_bg.png HTTP/1.1" 200 297
::1 - - [06/Dec/2018:11:56:36 +0000] "GET /phpmyadmin/version_check.php?&_nocache=1544097396642214476 HTTP/1.1" 200 39
::1 - - [06/Dec/2018:11:56:41 +0000] "GET /phpmyadmin/navigation.php?ajax_request=1&token=4bd19d86c5815ae5961b4cd4a364cf16&aPath=cm9vdA%3D%3D.dGl0YW5pYw%3D%3D&vPath=cm9vdA%3D%3D.dGl0YW5pYw%3D%3D&pos=0&pos2_name=&pos2_value=&searchClause=&searchClause2=&_nocache=1544097401411676684 HTTP/1.1" 200 2176
::1 - - [06/Dec/2018:11:56:44 +0000] "GET /phpmyadmin/navigation.php?ajax_request=1&token=4bd19d86c5815ae5961b4cd4a364cf16&aPath=cm9vdA%3D%3D.dGl0YW5pYw%3D%3D.dGFibGVz.cGFzc2VuZ2Vy&vPath=cm9vdA%3D%3D.dGl0YW5pYw%3D%3D.VGFibGVz.cGFzc2VuZ2Vy&pos=0&pos2_name=tables&pos2_value=0&searchClause=&searchClause2=&_nocache=1544097404072298057 HTTP/1.1" 200 3439
::1 - - [06/Dec/2018:11:56:45 +0000] "GET /phpmyadmin/navigation.php?ajax_request=1&token=4bd19d86c5815ae5961b4cd4a364cf16&aPath=cm9vdA%3D%3D.dGl0YW5pYw%3D%3D.dGFibGVz.cGFzc2VuZ2Vy.Y29sdW1ucw%3D%3D&vPath=cm9vdA%3D%3D.dGl0YW5pYw%3D%3D.VGFibGVz.cGFzc2VuZ2Vy.Q29sdW1ucw%3D%3D&pos=0&pos2_name=tables&pos2_value=0&searchClause=&searchClause2=&_nocache=1544097405809509299 HTTP/1.1" 200 8333
::1 - - [06/Dec/2018:11:56:47 +0000] "GET /phpmyadmin/sql.php?server=1&db=titanic&table=passenger&pos=0&token=4bd19d86c5815ae5961b4cd4a364cf16&ajax_request=true&ajax_page_request=true&menuHashes=134fde8f&_nocache=1544097407424568285 HTTP/1.1" 200 116776
::1 - - [06/Dec/2018:11:56:48 +0000] "GET /phpmyadmin/themes/pmahomme/img/arrow_ltr.png HTTP/1.1" 200 139
::1 - - [06/Dec/2018:11:56:48 +0000] "GET /phpmyadmin/themes/pmahomme/img/s_fulltext.png HTTP/1.1" 200 193
::1 - - [06/Dec/2018:11:56:48 +0000] "GET /phpmyadmin/js/get_scripts.js.php?scripts[]=tbl_change.js&scripts[]=tbl_structure.js&scripts[]=gis_data_editor.js&scripts[]=makegrid.js&scripts[]=sql.js HTTP/1.1" 200 57302
::1 - - [06/Dec/2018:11:56:48 +0000] "GET /phpmyadmin/index.php?ajax_request=1&recent_table=1&token=4bd19d86c5815ae5961b4cd4a364cf16 HTTP/1.1" 200 216
::1 - - [06/Dec/2018:11:56:48 +0000] "GET /phpmyadmin/themes/pmahomme/img/col_pointer.png HTTP/1.1" 200 113
::1 - - [06/Dec/2018:11:56:48 +0000] "GET /phpmyadmin/themes/pmahomme/img/col_drop.png HTTP/1.1" 200 132
::1 - - [06/Dec/2018:11:57:32 +0000] "GET /phpmyadmin/version_check.php?&_nocache=1544097452624919341 HTTP/1.1" 200 39
::1 - - [06/Dec/2018:11:57:33 +0000] "GET /phpmyadmin/ HTTP/1.1" 200 43761
::1 - - [06/Dec/2018:11:57:34 +0000] "GET /favicon.ico HTTP/1.1" 404 209
